{
"contracts/Escrow.sol":{"l":{"22":16,"25":16,"26":13,"28":12,"31":12,"32":1,"35":11,"36":11,"37":11,"38":11,"39":11,"40":11,"42":11,"47":6,"48":6,"51":6,"53":3,"56":3,"59":3,"60":3,"64":7,"65":7,"66":6,"69":7,"73":6,"74":6,"75":6,"76":6,"77":3,"80":6,"84":19,"86":19,"87":19,"88":19,"90":19,"91":9,"92":7,"93":7,"94":7,"98":19},"path":"/home/acer/Desktop/blockchain/challenges/solidity-code-challenge-1/contracts/Escrow.sol","s":{"1":16,"2":16,"3":13,"4":12,"5":12,"6":1,"7":11,"8":11,"9":11,"10":11,"11":11,"12":11,"13":11,"14":6,"15":6,"16":6,"17":3,"18":3,"19":3,"20":3,"21":7,"22":7,"23":6,"24":7,"25":6,"26":6,"27":6,"28":6,"29":3,"30":6,"31":19,"32":19,"33":19,"34":19,"35":19,"36":9,"37":7,"38":7,"39":19},"b":{"1":[13,3],"2":[12,1],"3":[1,11],"4":[3,3],"5":[2,1],"6":[6,1],"7":[3,3],"8":[7,2]},"f":{"1":16,"2":6,"3":7,"4":6,"5":19},"fnMap":{"1":{"name":"depositFor","line":21,"loc":{"start":{"line":21,"column":4},"end":{"line":44,"column":4}}},"2":{"name":"release","line":46,"loc":{"start":{"line":46,"column":4},"end":{"line":61,"column":4}}},"3":{"name":"getDeposit","line":63,"loc":{"start":{"line":63,"column":4},"end":{"line":70,"column":4}}},"4":{"name":"getLastUnpaidDepositIndex","line":72,"loc":{"start":{"line":72,"column":4},"end":{"line":81,"column":4}}},"5":{"name":"getDepositIndex","line":83,"loc":{"start":{"line":83,"column":4},"end":{"line":99,"column":4}}}},"statementMap":{"1":{"start":{"line":22,"column":8},"end":{"line":22,"column":34}},"2":{"start":{"line":25,"column":8},"end":{"line":25,"column":87}},"3":{"start":{"line":26,"column":8},"end":{"line":26,"column":57}},"4":{"start":{"line":28,"column":8},"end":{"line":28,"column":80}},"5":{"start":{"line":31,"column":8},"end":{"line":31,"column":949}},"6":{"start":{"line":32,"column":12},"end":{"line":32,"column":56}},"7":{"start":{"line":35,"column":12},"end":{"line":35,"column":37}},"8":{"start":{"line":36,"column":12},"end":{"line":36,"column":76}},"9":{"start":{"line":37,"column":12},"end":{"line":37,"column":35}},"10":{"start":{"line":38,"column":12},"end":{"line":38,"column":50}},"11":{"start":{"line":39,"column":12},"end":{"line":39,"column":41}},"12":{"start":{"line":40,"column":12},"end":{"line":40,"column":40}},"13":{"start":{"line":42,"column":12},"end":{"line":42,"column":46}},"14":{"start":{"line":47,"column":8},"end":{"line":47,"column":37}},"15":{"start":{"line":48,"column":8},"end":{"line":48,"column":70}},"16":{"start":{"line":51,"column":8},"end":{"line":51,"column":49}},"17":{"start":{"line":53,"column":8},"end":{"line":53,"column":54}},"18":{"start":{"line":56,"column":8},"end":{"line":56,"column":31}},"19":{"start":{"line":59,"column":8},"end":{"line":59,"column":62}},"20":{"start":{"line":60,"column":8},"end":{"line":60,"column":46}},"21":{"start":{"line":64,"column":8},"end":{"line":64,"column":77}},"22":{"start":{"line":65,"column":8},"end":{"line":65,"column":2259}},"23":{"start":{"line":66,"column":12},"end":{"line":66,"column":46}},"24":{"start":{"line":69,"column":8},"end":{"line":69,"column":22}},"25":{"start":{"line":73,"column":8},"end":{"line":73,"column":55}},"26":{"start":{"line":74,"column":8},"end":{"line":74,"column":29}},"27":{"start":{"line":75,"column":8},"end":{"line":75,"column":41}},"28":{"start":{"line":76,"column":8},"end":{"line":76,"column":2614}},"29":{"start":{"line":77,"column":12},"end":{"line":77,"column":43}},"30":{"start":{"line":80,"column":8},"end":{"line":80,"column":37}},"31":{"start":{"line":84,"column":8},"end":{"line":84,"column":55}},"32":{"start":{"line":86,"column":8},"end":{"line":86,"column":29}},"33":{"start":{"line":87,"column":8},"end":{"line":87,"column":27}},"34":{"start":{"line":88,"column":8},"end":{"line":88,"column":70}},"35":{"start":{"line":90,"column":8},"end":{"line":90,"column":3079}},"36":{"start":{"line":91,"column":12},"end":{"line":91,"column":3135}},"37":{"start":{"line":92,"column":16},"end":{"line":92,"column":31}},"38":{"start":{"line":93,"column":16},"end":{"line":93,"column":28}},"39":{"start":{"line":98,"column":8},"end":{"line":98,"column":37}}},"branchMap":{"1":{"line":25,"type":"if","locations":[{"start":{"line":25,"column":8},"end":{"line":25,"column":8}},{"start":{"line":25,"column":8},"end":{"line":25,"column":8}}]},"2":{"line":26,"type":"if","locations":[{"start":{"line":26,"column":8},"end":{"line":26,"column":8}},{"start":{"line":26,"column":8},"end":{"line":26,"column":8}}]},"3":{"line":31,"type":"if","locations":[{"start":{"line":31,"column":8},"end":{"line":31,"column":8}},{"start":{"line":31,"column":8},"end":{"line":31,"column":8}}]},"4":{"line":51,"type":"if","locations":[{"start":{"line":51,"column":8},"end":{"line":51,"column":8}},{"start":{"line":51,"column":8},"end":{"line":51,"column":8}}]},"5":{"line":60,"type":"if","locations":[{"start":{"line":60,"column":8},"end":{"line":60,"column":8}},{"start":{"line":60,"column":8},"end":{"line":60,"column":8}}]},"6":{"line":65,"type":"if","locations":[{"start":{"line":65,"column":8},"end":{"line":65,"column":8}},{"start":{"line":65,"column":8},"end":{"line":65,"column":8}}]},"7":{"line":76,"type":"if","locations":[{"start":{"line":76,"column":8},"end":{"line":76,"column":8}},{"start":{"line":76,"column":8},"end":{"line":76,"column":8}}]},"8":{"line":91,"type":"if","locations":[{"start":{"line":91,"column":12},"end":{"line":91,"column":12}},{"start":{"line":91,"column":12},"end":{"line":91,"column":12}}]}}},
"contracts/Unpayable.sol":{"l":{},"path":"/home/acer/Desktop/blockchain/challenges/solidity-code-challenge-1/contracts/Unpayable.sol","s":{},"b":{},"f":{},"fnMap":{},"statementMap":{},"branchMap":{}}}
