TN:
SF:/home/acer/Desktop/blockchain/challenges/solidity-code-challenge-1/contracts/Escrow.sol
FN:21,depositFor
FN:46,release
FN:63,getDeposit
FN:72,getLastUnpaidDepositIndex
FN:83,getDepositIndex
FNF:5
FNH:5
FNDA:16,depositFor
FNDA:6,release
FNDA:7,getDeposit
FNDA:6,getLastUnpaidDepositIndex
FNDA:19,getDepositIndex
DA:22,16
DA:25,16
DA:26,13
DA:28,12
DA:31,12
DA:32,1
DA:35,11
DA:36,11
DA:37,11
DA:38,11
DA:39,11
DA:40,11
DA:42,11
DA:47,6
DA:48,6
DA:51,6
DA:53,3
DA:56,3
DA:59,3
DA:60,3
DA:64,7
DA:65,7
DA:66,6
DA:69,7
DA:73,6
DA:74,6
DA:75,6
DA:76,6
DA:77,3
DA:80,6
DA:84,19
DA:86,19
DA:87,19
DA:88,19
DA:90,19
DA:91,9
DA:92,7
DA:93,7
DA:94,7
DA:98,19
LF:40
LH:40
BRDA:25,1,0,13
BRDA:25,1,1,3
BRDA:26,2,0,12
BRDA:26,2,1,1
BRDA:31,3,0,1
BRDA:31,3,1,11
BRDA:51,4,0,3
BRDA:51,4,1,3
BRDA:60,5,0,2
BRDA:60,5,1,1
BRDA:65,6,0,6
BRDA:65,6,1,1
BRDA:76,7,0,3
BRDA:76,7,1,3
BRDA:91,8,0,7
BRDA:91,8,1,2
BRF:16
BRH:16
end_of_record
TN:
SF:/home/acer/Desktop/blockchain/challenges/solidity-code-challenge-1/contracts/Unpayable.sol
FNF:0
FNH:0
LF:0
LH:0
BRF:0
BRH:0
end_of_record
